<?xml version="1.0" encoding="UTF-8"?>
<!-- Generated by org.testng.reporters.JUnitXMLReporter -->
<testsuite hostname="DESKTOP-U6VM877" ignored="0" name="Selenium Test" tests="1" failures="1" timestamp="09 Jul 2019 19:00:59 GMT" time="52.694" errors="0">
  <testcase name="basePageNavigation" time="43.162" classname="Project.HomePage">
    <failure type="org.openqa.selenium.WebDriverException" message="element click intercepted: Element &amp;lt;span class=&amp;quot;title&amp;quot; data-bind=&amp;quot;text: $data.name&amp;quot;&amp;gt;...&amp;lt;/span&amp;gt; is not clickable at point (402, 353). Other element would receive the click: &amp;lt;div class=&amp;quot;l-card delivery-options is-seen&amp;quot; data-bind=&amp;quot;css: { &amp;apos;is-disabled&amp;apos;: !isDeliveryOptionsEnabled(), &amp;apos;is-loading&amp;apos;: isDeliveryOptionsLoading, &amp;apos;is-masked&amp;apos;: isDeliveryOptionsMasked }&amp;quot;&amp;gt;...&amp;lt;/div&amp;gt;
  (Session info: chrome=75.0.3770.100)
Build info: version: &amp;apos;3.4.0&amp;apos;, revision: &amp;apos;unknown&amp;apos;, time: &amp;apos;unknown&amp;apos;
System info: host: &amp;apos;DESKTOP-U6VM877&amp;apos;, ip: &amp;apos;192.168.77.1&amp;apos;, os.name: &amp;apos;Windows 10&amp;apos;, os.arch: &amp;apos;amd64&amp;apos;, os.version: &amp;apos;10.0&amp;apos;, java.version: &amp;apos;1.8.0_201&amp;apos;
Driver info: org.openqa.selenium.chrome.ChromeDriver
Capabilities [{networkConnectionEnabled=false, chrome={chromedriverVersion=75.0.3770.90 (a6dcaf7e3ec6f70a194cc25e8149475c6590e025-refs/branch-heads/3770@{#1003}), userDataDir=C:\Users\shaswata\AppData\Local\Temp\scoped_dir17908_23502}, timeouts={implicit=0.0, pageLoad=300000.0, script=30000.0}, pageLoadStrategy=normal, unhandledPromptBehavior=dismiss and notify, strictFileInteractability=false, platform=ANY, proxy=Proxy(), goog:chromeOptions={debuggerAddress=localhost:49755}, acceptInsecureCerts=false, browserVersion=75.0.3770.100, browserName=chrome, javascriptEnabled=true, platformName=windows nt, setWindowRect=true}]
Session ID: b09926e3ee648d8e99f551ccb16955a2">
      <![CDATA[org.openqa.selenium.WebDriverException: element click intercepted: Element <span class="title" data-bind="text: $data.name">...</span> is not clickable at point (402, 353). Other element would receive the click: <div class="l-card delivery-options is-seen" data-bind="css: { 'is-disabled': !isDeliveryOptionsEnabled(), 'is-loading': isDeliveryOptionsLoading, 'is-masked': isDeliveryOptionsMasked }">...</div>
  (Session info: chrome=75.0.3770.100)
Build info: version: '3.4.0', revision: 'unknown', time: 'unknown'
System info: host: 'DESKTOP-U6VM877', ip: '192.168.77.1', os.name: 'Windows 10', os.arch: 'amd64', os.version: '10.0', java.version: '1.8.0_201'
Driver info: org.openqa.selenium.chrome.ChromeDriver
Capabilities [{networkConnectionEnabled=false, chrome={chromedriverVersion=75.0.3770.90 (a6dcaf7e3ec6f70a194cc25e8149475c6590e025-refs/branch-heads/3770@{#1003}), userDataDir=C:\Users\shaswata\AppData\Local\Temp\scoped_dir17908_23502}, timeouts={implicit=0.0, pageLoad=300000.0, script=30000.0}, pageLoadStrategy=normal, unhandledPromptBehavior=dismiss and notify, strictFileInteractability=false, platform=ANY, proxy=Proxy(), goog:chromeOptions={debuggerAddress=localhost:49755}, acceptInsecureCerts=false, browserVersion=75.0.3770.100, browserName=chrome, javascriptEnabled=true, platformName=windows nt, setWindowRect=true}]
Session ID: b09926e3ee648d8e99f551ccb16955a2
at org.openqa.selenium.remote.http.W3CHttpResponseCodec.createException(W3CHttpResponseCodec.java:150)
at org.openqa.selenium.remote.http.W3CHttpResponseCodec.decode(W3CHttpResponseCodec.java:115)
at org.openqa.selenium.remote.http.W3CHttpResponseCodec.decode(W3CHttpResponseCodec.java:45)
at org.openqa.selenium.remote.HttpCommandExecutor.execute(HttpCommandExecutor.java:164)
at org.openqa.selenium.remote.service.DriverCommandExecutor.execute(DriverCommandExecutor.java:82)
at org.openqa.selenium.remote.RemoteWebDriver.execute(RemoteWebDriver.java:637)
at org.openqa.selenium.remote.RemoteWebElement.execute(RemoteWebElement.java:272)
at org.openqa.selenium.remote.RemoteWebElement.click(RemoteWebElement.java:82)
at Project.HomePage.basePageNavigation(HomePage.java:91)
... Removed 29 stack frames]]>
    </failure>
  </testcase> <!-- basePageNavigation -->
</testsuite> <!-- Selenium Test -->
